#
# There is insufficient memory for the Java Runtime Environment to continue.
# Native memory allocation (malloc) failed to allocate 1048576 bytes for AllocateHeap
# Possible reasons:
#   The system is out of physical RAM or swap space
#   In 32 bit mode, the process size limit was hit
# Possible solutions:
#   Reduce memory load on the system
#   Increase physical memory or swap space
#   Check if swap backing store is full
#   Use 64 bit Java on a 64 bit OS
#   Decrease Java heap size (-Xmx/-Xms)
#   Decrease number of Java threads
#   Decrease Java thread stack sizes (-Xss)
#   Set larger code cache with -XX:ReservedCodeCacheSize=
# This output file may be truncated or incomplete.
#
#  Out of Memory Error (memory/allocation.inline.hpp:61), pid=25568, tid=0x0000000000000f54
#
# JRE version:  (8.0_171-b11) (build )
# Java VM: Java HotSpot(TM) 64-Bit Server VM (25.171-b11 mixed mode windows-amd64 compressed oops)
# Failed to write core dump. Minidumps are not enabled by default on client versions of Windows
#

---------------  T H R E A D  ---------------

Current thread (0x0000000002fd3000):  JavaThread "Unknown thread" [_thread_in_vm, id=3924, stack(0x0000000002dd0000,0x0000000002ed0000)]

Stack: [0x0000000002dd0000,0x0000000002ed0000]
[error occurred during error reporting (printing stack bounds), id 0xc0000005]

Native frames: (J=compiled Java code, j=interpreted, Vv=VM code, C=native code)


---------------  P R O C E S S  ---------------

Java Threads: ( => current thread )

Other Threads:

=>0x0000000002fd3000 (exited) JavaThread "Unknown thread" [_thread_in_vm, id=3924, stack(0x0000000002dd0000,0x0000000002ed0000)]

VM state:not at safepoint (normal execution)

VM Mutex/Monitor currently owned by a thread: None

Heap:
 PSYoungGen      total 18944K, used 327K [0x00000000eb200000, 0x00000000ec700000, 0x0000000100000000)
  eden space 16384K, 2% used [0x00000000eb200000,0x00000000eb251ec8,0x00000000ec200000)
  from space 2560K, 0% used [0x00000000ec480000,0x00000000ec480000,0x00000000ec700000)
  to   space 2560K, 0% used [0x00000000ec200000,0x00000000ec200000,0x00000000ec480000)
 ParOldGen       total 44032K, used 0K [0x00000000c1600000, 0x00000000c4100000, 0x00000000eb200000)
  object space 44032K, 0% used [0x00000000c1600000,0x00000000c1600000,0x00000000c4100000)
 Metaspace       used 774K, capacity 4480K, committed 4480K, reserved 1056768K
  class space    used 76K, capacity 384K, committed 384K, reserved 1048576K

Card table byte_map: [0x0000000012490000,0x0000000012690000] byte_map_base: 0x0000000011e85000

Marking Bits: (ParMarkBitMap*) 0x0000000072e208c0
 Begin Bits: [0x0000000012be0000, 0x0000000013b88000)
 End Bits:   [0x0000000013b88000, 0x0000000014b30000)

Polling page: 0x0000000001430000

CodeCache: size=245760Kb used=328Kb max_used=328Kb free=245431Kb
 bounds [0x00000000030d0000, 0x0000000003340000, 0x00000000120d0000]
 total_blobs=58 nmethods=0 adapters=38
 compilation: enabled

Compilation events (0 events):
No events

GC Heap History (0 events):
No events

Deoptimization events (0 events):
No events

Classes redefined (0 events):
No events

Internal exceptions (0 events):
No events

Events (10 events):
Event: 0.038 loading class java/lang/Short
Event: 0.038 loading class java/lang/Short done
Event: 0.038 loading class java/lang/Integer
Event: 0.039 loading class java/lang/Integer done
Event: 0.039 loading class java/lang/Long
Event: 0.039 loading class java/lang/Long done
Event: 0.040 loading class java/lang/NullPointerException
Event: 0.040 loading class java/lang/NullPointerException done
Event: 0.040 loading class java/lang/ArithmeticException
Event: 0.040 loading class java/lang/ArithmeticException done


Dynamic libraries:
0x00007ff77e830000 - 0x00007ff77e867000 	C:\Program Files\Java\jdk1.8.0_171\bin\java.exe
0x00007ffced6c0000 - 0x00007ffced8a1000 	C:\WINDOWS\SYSTEM32\ntdll.dll
0x00007ffcebd30000 - 0x00007ffcebde2000 	C:\WINDOWS\System32\KERNEL32.DLL
0x00007ffcea2b0000 - 0x00007ffcea523000 	C:\WINDOWS\System32\KERNELBASE.dll
0x00007ffced2f0000 - 0x00007ffced391000 	C:\WINDOWS\System32\ADVAPI32.dll
0x00007ffceaf10000 - 0x00007ffceafae000 	C:\WINDOWS\System32\msvcrt.dll
0x00007ffceb270000 - 0x00007ffceb2cb000 	C:\WINDOWS\System32\sechost.dll
0x00007ffceafc0000 - 0x00007ffceb0e4000 	C:\WINDOWS\System32\RPCRT4.dll
0x00007ffceab50000 - 0x00007ffceace0000 	C:\WINDOWS\System32\USER32.dll
0x00007ffcea530000 - 0x00007ffcea550000 	C:\WINDOWS\System32\win32u.dll
0x00007ffceb910000 - 0x00007ffceb938000 	C:\WINDOWS\System32\GDI32.dll
0x00007ffcea740000 - 0x00007ffcea8d2000 	C:\WINDOWS\System32\gdi32full.dll
0x00007ffcea550000 - 0x00007ffcea5ef000 	C:\WINDOWS\System32\msvcp_win.dll
0x00007ffcea640000 - 0x00007ffcea73a000 	C:\WINDOWS\System32\ucrtbase.dll
0x00007ffcdd220000 - 0x00007ffcdd489000 	C:\WINDOWS\WinSxS\amd64_microsoft.windows.common-controls_6595b64144ccf1df_6.0.17134.286_none_fb43982d306480cc\COMCTL32.dll
0x00007ffceb9e0000 - 0x00007ffcebd03000 	C:\WINDOWS\System32\combase.dll
0x00007ffceaad0000 - 0x00007ffceab4a000 	C:\WINDOWS\System32\bcryptPrimitives.dll
0x00007ffced2c0000 - 0x00007ffced2ed000 	C:\WINDOWS\System32\IMM32.DLL
0x0000000074330000 - 0x0000000074402000 	C:\Program Files\Java\jdk1.8.0_171\jre\bin\msvcr100.dll
0x0000000072600000 - 0x0000000072ea0000 	C:\Program Files\Java\jdk1.8.0_171\jre\bin\server\jvm.dll
0x00007ffceace0000 - 0x00007ffceace8000 	C:\WINDOWS\System32\PSAPI.DLL
0x00007ffce0900000 - 0x00007ffce090a000 	C:\WINDOWS\SYSTEM32\VERSION.dll
0x00007ffce06f0000 - 0x00007ffce0713000 	C:\WINDOWS\SYSTEM32\WINMM.dll
0x00007ffce0680000 - 0x00007ffce06aa000 	C:\WINDOWS\SYSTEM32\WINMMBASE.dll
0x00007ffcdd880000 - 0x00007ffcdd889000 	C:\WINDOWS\SYSTEM32\WSOCK32.dll
0x00007ffcea5f0000 - 0x00007ffcea639000 	C:\WINDOWS\System32\cfgmgr32.dll
0x00007ffceb720000 - 0x00007ffceb78c000 	C:\WINDOWS\System32\WS2_32.dll
0x0000000075490000 - 0x000000007549f000 	C:\Program Files\Java\jdk1.8.0_171\jre\bin\verify.dll
0x00000000751f0000 - 0x0000000075219000 	C:\Program Files\Java\jdk1.8.0_171\jre\bin\java.dll
0x00000000751c0000 - 0x00000000751e3000 	C:\Program Files\Java\jdk1.8.0_171\jre\bin\instrument.dll
0x0000000075470000 - 0x0000000075486000 	C:\Program Files\Java\jdk1.8.0_171\jre\bin\zip.dll

VM Arguments:
jvm_args: -javaagent:C:\Program Files\JetBrains\IntelliJ IDEA Community Edition 2018.2\lib\idea_rt.jar=59773:C:\Program Files\JetBrains\IntelliJ IDEA Community Edition 2018.2\bin -Dfile.encoding=UTF-8 
java_command: Main
java_class_path (initial): C:\Program Files\Java\jdk1.8.0_171\jre\lib\charsets.jar;C:\Program Files\Java\jdk1.8.0_171\jre\lib\deploy.jar;C:\Program Files\Java\jdk1.8.0_171\jre\lib\ext\access-bridge-64.jar;C:\Program Files\Java\jdk1.8.0_171\jre\lib\ext\cldrdata.jar;C:\Program Files\Java\jdk1.8.0_171\jre\lib\ext\dnsns.jar;C:\Program Files\Java\jdk1.8.0_171\jre\lib\ext\jaccess.jar;C:\Program Files\Java\jdk1.8.0_171\jre\lib\ext\jfxrt.jar;C:\Program Files\Java\jdk1.8.0_171\jre\lib\ext\localedata.jar;C:\Program Files\Java\jdk1.8.0_171\jre\lib\ext\nashorn.jar;C:\Program Files\Java\jdk1.8.0_171\jre\lib\ext\sunec.jar;C:\Program Files\Java\jdk1.8.0_171\jre\lib\ext\sunjce_provider.jar;C:\Program Files\Java\jdk1.8.0_171\jre\lib\ext\sunmscapi.jar;C:\Program Files\Java\jdk1.8.0_171\jre\lib\ext\sunpkcs11.jar;C:\Program Files\Java\jdk1.8.0_171\jre\lib\ext\zipfs.jar;C:\Program Files\Java\jdk1.8.0_171\jre\lib\javaws.jar;C:\Program Files\Java\jdk1.8.0_171\jre\lib\jce.jar;C:\Program Files\Java\jdk1.8.0_171\jre\lib\jfr.jar;C:\Program Files\Java\jdk1.8.0_171\jre\lib\jfxswt.jar;C:\Program Files\Java\jdk1.8.0_171\jre\lib\jsse.jar;C:\Program Files\Java\jdk1.8.0_171\jre\lib\management-agent.jar;C:\Program Files\Java\jdk1.8.0_171\jre\lib\plugin.jar;C:\Program Files\Java\jdk1.8.0_171\jre\lib\resources.jar;C:\Program Files\Java\jdk1.8.0_171\jre\lib\rt.jar;C:\Users\pauli\Desktop\itforshe\ITforSHE\target\classes;C:\Program Files\JetBrains\IntelliJ IDEA Community Edition 2018.2\lib\idea_rt.jar
Launcher Type: SUN_STANDARD

Environment Variables:
PATH=C:\Program Files (x86)\Common Files\Oracle\Java\javapath;C:\Program Files (x86)\Intel\iCLS Client\;C:\Program Files\Intel\iCLS Client\;C:\WINDOWS\system32;C:\WINDOWS;C:\WINDOWS\System32\Wbem;C:\WINDOWS\System32\WindowsPowerShell\v1.0\;C:\Program Files (x86)\Intel\Intel(R) Management Engine Components\DAL;C:\Program Files\Intel\Intel(R) Management Engine Components\DAL;C:\Program Files (x86)\Intel\Intel(R) Management Engine Components\IPT;C:\Program Files\Intel\Intel(R) Management Engine Components\IPT;C:\Program Files\Git\cmd;C:\WINDOWS\System32\OpenSSH\;C:\Users\pauli\Miniconda3;C:\Users\pauli\Miniconda3\Scripts;C:\Users\pauli\Miniconda3\Library\bin;C:\Users\pauli\AppData\Local\Microsoft\WindowsApps;
USERNAME=pauli
OS=Windows_NT
PROCESSOR_IDENTIFIER=Intel64 Family 6 Model 142 Stepping 9, GenuineIntel



---------------  S Y S T E M  ---------------

OS: Windows 10.0 , 64 bit Build 17134 (10.0.17134.1)

CPU:total 4 (initial active 4) (2 cores per cpu, 2 threads per core) family 6 model 142 stepping 9, cmov, cx8, fxsr, mmx, sse, sse2, sse3, ssse3, sse4.1, sse4.2, popcnt, avx, avx2, aes, clmul, erms, 3dnowpref, lzcnt, ht, tsc, tscinvbit, bmi1, bmi2, adx

Memory: 4k page, physical 4101348k(554828k free), swap 16684260k(6052k free)

vm_info: Java HotSpot(TM) 64-Bit Server VM (25.171-b11) for windows-amd64 JRE (1.8.0_171-b11), built on Mar 28 2018 16:06:12 by "java_re" with MS VC++ 10.0 (VS2010)

time: Sat Oct 06 20:02:58 2018
elapsed time: 0 seconds (0d 0h 0m 0s)

